#-----------------------------------------------------------
# Vivado v2018.3 (64-bit)
# SW Build 2405991 on Thu Dec  6 23:38:27 MST 2018
# IP Build 2404404 on Fri Dec  7 01:43:56 MST 2018
# Start of session at: Mon Aug 24 22:48:26 2020
# Process ID: 3132
# Current directory: D:/program/Vivado/Project/karatsuba_mult
# Command line: vivado.exe -gui_launcher_event rodinguilauncherevent16976 D:\program\Vivado\Project\karatsuba_mult\karatsuba_mult.xpr
# Log file: D:/program/Vivado/Project/karatsuba_mult/vivado.log
# Journal file: D:/program/Vivado/Project/karatsuba_mult\vivado.jou
#-----------------------------------------------------------
start_gui
open_project D:/program/Vivado/Project/karatsuba_mult/karatsuba_mult.xpr
Scanning sources...
Finished scanning sources
INFO: [IP_Flow 19-234] Refreshing IP repositories
INFO: [IP_Flow 19-1704] No user IP repositories specified
INFO: [IP_Flow 19-2313] Loaded Vivado IP repository 'D:/program/Vivado/Vivado/2018.3/data/ip'.
open_project: Time (s): cpu = 00:00:16 ; elapsed = 00:00:06 . Memory (MB): peak = 772.785 ; gain = 137.273
exit
INFO: [Common 17-206] Exiting Vivado at Mon Aug 24 22:48:47 2020...
