#-----------------------------------------------------------
# Vivado v2018.3 (64-bit)
# SW Build 2405991 on Thu Dec  6 23:38:27 MST 2018
# IP Build 2404404 on Fri Dec  7 01:43:56 MST 2018
# Start of session at: Mon Aug 24 12:54:47 2020
# Process ID: 2980
# Current directory: D:/program/Vivado/Project/karatsuba_mult/karatsuba_mult
# Command line: vivado.exe -gui_launcher_event rodinguilauncherevent1732 D:\program\Vivado\Project\karatsuba_mult\karatsuba_mult\karatsuba_mult.xpr
# Log file: D:/program/Vivado/Project/karatsuba_mult/karatsuba_mult/vivado.log
# Journal file: D:/program/Vivado/Project/karatsuba_mult/karatsuba_mult\vivado.jou
#-----------------------------------------------------------
start_gui
open_project D:/program/Vivado/Project/karatsuba_mult/karatsuba_mult/karatsuba_mult.xpr
INFO: [Project 1-313] Project file moved from 'C:/1desktop/karatsuba_mult/karatsuba_mult' since last save.
Scanning sources...
Finished scanning sources
INFO: [IP_Flow 19-234] Refreshing IP repositories
INFO: [IP_Flow 19-1704] No user IP repositories specified
INFO: [IP_Flow 19-2313] Loaded Vivado IP repository 'D:/program/Vivado/Vivado/2018.3/data/ip'.
update_compile_order -fileset sources_1
set_property target_simulator ModelSim [current_project]
launch_simulation -install_path D:/program/ModelSim/win64
INFO: [Vivado 12-5698] Checking validity of IPs in the design for the 'ModelSim' simulator...
INFO: [Vivado 12-5682] Launching behavioral simulation in 'D:/program/Vivado/Project/karatsuba_mult/karatsuba_mult/karatsuba_mult.sim/sim_1/behav/modelsim'
INFO: [Vivado 12-4795] Using compiled simulation libraries for IPs
INFO: [USF-ModelSim-47] Finding simulator installation...
INFO: [USF-ModelSim-50] Using simulator executables from 'D:/program/ModelSim/win64/vsim.exe'
INFO: [SIM-utils-51] Simulation object is 'sim_1'
INFO: [USF-modelsim-7] Finding pre-compiled libraries...
INFO: [USF-modelsim-11] File 'D:/program/Xilinx/Xlib/modelsim.ini' copied to run dir:'D:/program/Vivado/Project/karatsuba_mult/karatsuba_mult/karatsuba_mult.sim/sim_1/behav/modelsim'
INFO: [SIM-utils-54] Inspecting design source files for 'tb_kara_128bit' in fileset 'sim_1'...
INFO: [USF-ModelSim-107] Finding global include files...
INFO: [USF-ModelSim-108] Finding include directories and verilog header directory paths...
INFO: [USF-ModelSim-109] Fetching design files from 'sim_1'...
INFO: [USF-ModelSim-2] ModelSim::Compile design
INFO: [USF-ModelSim-15] Creating automatic 'do' files...
INFO: [USF-ModelSim-69] Executing 'COMPILE and ANALYZE' step in 'D:/program/Vivado/Project/karatsuba_mult/karatsuba_mult/karatsuba_mult.sim/sim_1/behav/modelsim'
Reading D:/program/ModelSim/tcl/vsim/pref.tcl

# 10.6d

# do {tb_kara_128bit_compile.do}
# Model Technology ModelSim SE-64 vmap 10.6d Lib Mapping Utility 2018.02 Feb 24 2018
# vmap xbip_utils_v3_0_9 modelsim_lib/msim/xbip_utils_v3_0_9 
# Modifying D:\program\Xilinx\Xlib\modelsim.ini
# Model Technology ModelSim SE-64 vmap 10.6d Lib Mapping Utility 2018.02 Feb 24 2018
# vmap xbip_pipe_v3_0_5 modelsim_lib/msim/xbip_pipe_v3_0_5 
# Modifying D:\program\Xilinx\Xlib\modelsim.ini
# Model Technology ModelSim SE-64 vmap 10.6d Lib Mapping Utility 2018.02 Feb 24 2018
# vmap xbip_bram18k_v3_0_5 modelsim_lib/msim/xbip_bram18k_v3_0_5 
# Modifying D:\program\Xilinx\Xlib\modelsim.ini
# Model Technology ModelSim SE-64 vmap 10.6d Lib Mapping Utility 2018.02 Feb 24 2018
# vmap mult_gen_v12_0_14 modelsim_lib/msim/mult_gen_v12_0_14 
# Modifying D:\program\Xilinx\Xlib\modelsim.ini
# Model Technology ModelSim SE-64 vmap 10.6d Lib Mapping Utility 2018.02 Feb 24 2018
# vmap xil_defaultlib modelsim_lib/msim/xil_defaultlib 
# Modifying D:\program\Xilinx\Xlib\modelsim.ini
# ** Warning: (vcom-159) Mode option -64 is not supported in this context and will be ignored.
# Model Technology ModelSim SE-64 vcom 10.6d Compiler 2018.02 Feb 24 2018
# Start time: 12:55:36 on Aug 24,2020
# vcom -64 -93 -work xbip_utils_v3_0_9 ../../../../karatsuba_mult.ip_user_files/ipstatic/hdl/xbip_utils_v3_0_vh_rfs.vhd 
# -- Loading package STANDARD
# End time: 12:55:36 on Aug 24,2020, Elapsed time: 0:00:00
# Errors: 0, Warnings: 1
# ** Warning: (vcom-159) Mode option -64 is not supported in this context and will be ignored.
# Model Technology ModelSim SE-64 vcom 10.6d Compiler 2018.02 Feb 24 2018
# Start time: 12:55:36 on Aug 24,2020
# vcom -64 -93 -work xbip_pipe_v3_0_5 ../../../../karatsuba_mult.ip_user_files/ipstatic/hdl/xbip_pipe_v3_0_vh_rfs.vhd 
# -- Loading package STANDARD
# End time: 12:55:36 on Aug 24,2020, Elapsed time: 0:00:00
# Errors: 0, Warnings: 1
# ** Warning: (vcom-159) Mode option -64 is not supported in this context and will be ignored.
# Model Technology ModelSim SE-64 vcom 10.6d Compiler 2018.02 Feb 24 2018
# Start time: 12:55:36 on Aug 24,2020
# vcom -64 -93 -work xbip_bram18k_v3_0_5 ../../../../karatsuba_mult.ip_user_files/ipstatic/hdl/xbip_bram18k_v3_0_vh_rfs.vhd 
# -- Loading package STANDARD
# End time: 12:55:37 on Aug 24,2020, Elapsed time: 0:00:01
# Errors: 0, Warnings: 1
# ** Warning: (vcom-159) Mode option -64 is not supported in this context and will be ignored.
# Model Technology ModelSim SE-64 vcom 10.6d Compiler 2018.02 Feb 24 2018
# Start time: 12:55:37 on Aug 24,2020
# vcom -64 -93 -work mult_gen_v12_0_14 ../../../../karatsuba_mult.ip_user_files/ipstatic/hdl/mult_gen_v12_0_vh_rfs.vhd 
# -- Loading package STANDARD
# End time: 12:55:38 on Aug 24,2020, Elapsed time: 0:00:01
# Errors: 0, Warnings: 1
# ** Warning: (vcom-159) Mode option -64 is not supported in this context and will be ignored.
# Model Technology ModelSim SE-64 vcom 10.6d Compiler 2018.02 Feb 24 2018
# Start time: 12:55:38 on Aug 24,2020
# vcom -64 -93 -work xil_defaultlib ../../../../karatsuba_mult.srcs/sources_1/ip/mult_signed_18bit/sim/mult_signed_18bit.vhd 
# -- Loading package STANDARD
# -- Loading package TEXTIO
# -- Loading package std_logic_1164
# -- Loading package NUMERIC_STD
# -- Compiling entity mult_signed_18bit
# -- Compiling architecture mult_signed_18bit_arch of mult_signed_18bit
# End time: 12:55:38 on Aug 24,2020, Elapsed time: 0:00:00
# Errors: 0, Warnings: 1
# ** Warning: (vlog-159) Mode option -64 is not supported in this context and will be ignored.
# Model Technology ModelSim SE-64 vlog 10.6d Compiler 2018.02 Feb 24 2018
# Start time: 12:55:39 on Aug 24,2020
# vlog -64 -incr -work xil_defaultlib ../../../../karatsuba_mult.srcs/sources_1/new/kara_mult_34bit.v ../../../../karatsuba_mult.srcs/sources_1/new/kara_mult_66bit.v ../../../../karatsuba_mult.srcs/sources_1/new/karatsuba_top.v ../../../../karatsuba_mult.srcs/sim_1/new/tb_kara_128bit.v 
# -- Compiling module kara_mult_34bit
# -- Compiling module kara_mult_66bit
# -- Compiling module karatsuba_top
# -- Compiling module tb_kara_128bit
# 
# Top level modules:
# 	tb_kara_128bit
# End time: 12:55:39 on Aug 24,2020, Elapsed time: 0:00:00
# Errors: 0, Warnings: 1
# Model Technology ModelSim SE-64 vlog 10.6d Compiler 2018.02 Feb 24 2018
# Start time: 12:55:39 on Aug 24,2020
# vlog -work xil_defaultlib glbl.v 
# -- Compiling module glbl
# 
# Top level modules:
# 	glbl
# End time: 12:55:39 on Aug 24,2020, Elapsed time: 0:00:00
# Errors: 0, Warnings: 0
run_program: Time (s): cpu = 00:00:00 ; elapsed = 00:00:05 . Memory (MB): peak = 819.102 ; gain = 0.000
INFO: [USF-ModelSim-69] 'compile' step finished in '5' seconds
INFO: [USF-ModelSim-4] ModelSim::Simulate design
INFO: [USF-ModelSim-69] Executing 'SIMULATE' step in 'D:/program/Vivado/Project/karatsuba_mult/karatsuba_mult/karatsuba_mult.sim/sim_1/behav/modelsim'
Program launched (PID=12428)
launch_simulation: Time (s): cpu = 00:00:01 ; elapsed = 00:00:06 . Memory (MB): peak = 819.102 ; gain = 0.000
launch_simulation -install_path D:/program/ModelSim/win64
INFO: [Vivado 12-5698] Checking validity of IPs in the design for the 'ModelSim' simulator...
INFO: [Vivado 12-5682] Launching behavioral simulation in 'D:/program/Vivado/Project/karatsuba_mult/karatsuba_mult/karatsuba_mult.sim/sim_1/behav/modelsim'
INFO: [Vivado 12-4795] Using compiled simulation libraries for IPs
INFO: [USF-ModelSim-47] Finding simulator installation...
INFO: [USF-ModelSim-50] Using simulator executables from 'D:/program/ModelSim/win64/vsim.exe'
INFO: [SIM-utils-51] Simulation object is 'sim_1'
INFO: [USF-modelsim-7] Finding pre-compiled libraries...
INFO: [USF-modelsim-11] File 'D:/program/Xilinx/Xlib/modelsim.ini' copied to run dir:'D:/program/Vivado/Project/karatsuba_mult/karatsuba_mult/karatsuba_mult.sim/sim_1/behav/modelsim'
INFO: [SIM-utils-54] Inspecting design source files for 'tb_kara_128bit' in fileset 'sim_1'...
INFO: [USF-ModelSim-107] Finding global include files...
INFO: [USF-ModelSim-108] Finding include directories and verilog header directory paths...
INFO: [USF-ModelSim-109] Fetching design files from 'sim_1'...
INFO: [USF-ModelSim-2] ModelSim::Compile design
INFO: [USF-ModelSim-15] Creating automatic 'do' files...
INFO: [USF-ModelSim-69] Executing 'COMPILE and ANALYZE' step in 'D:/program/Vivado/Project/karatsuba_mult/karatsuba_mult/karatsuba_mult.sim/sim_1/behav/modelsim'
Reading D:/program/ModelSim/tcl/vsim/pref.tcl

# 10.6d

# do {tb_kara_128bit_compile.do}
# ** Warning: (vlib-34) Library already exists at "modelsim_lib/work".
# ** Warning: (vlib-34) Library already exists at "modelsim_lib/msim".
# ** Warning: (vlib-34) Library already exists at "modelsim_lib/msim/xbip_utils_v3_0_9".
# ** Warning: (vlib-34) Library already exists at "modelsim_lib/msim/xbip_pipe_v3_0_5".
# ** Warning: (vlib-34) Library already exists at "modelsim_lib/msim/xbip_bram18k_v3_0_5".
# ** Warning: (vlib-34) Library already exists at "modelsim_lib/msim/mult_gen_v12_0_14".
# ** Warning: (vlib-34) Library already exists at "modelsim_lib/msim/xil_defaultlib".
# Model Technology ModelSim SE-64 vmap 10.6d Lib Mapping Utility 2018.02 Feb 24 2018
# vmap xbip_utils_v3_0_9 modelsim_lib/msim/xbip_utils_v3_0_9 
# Modifying D:\program\Xilinx\Xlib\modelsim.ini
# Model Technology ModelSim SE-64 vmap 10.6d Lib Mapping Utility 2018.02 Feb 24 2018
# vmap xbip_pipe_v3_0_5 modelsim_lib/msim/xbip_pipe_v3_0_5 
# Modifying D:\program\Xilinx\Xlib\modelsim.ini
# Model Technology ModelSim SE-64 vmap 10.6d Lib Mapping Utility 2018.02 Feb 24 2018
# vmap xbip_bram18k_v3_0_5 modelsim_lib/msim/xbip_bram18k_v3_0_5 
# Modifying D:\program\Xilinx\Xlib\modelsim.ini
# Model Technology ModelSim SE-64 vmap 10.6d Lib Mapping Utility 2018.02 Feb 24 2018
# vmap mult_gen_v12_0_14 modelsim_lib/msim/mult_gen_v12_0_14 
# Modifying D:\program\Xilinx\Xlib\modelsim.ini
# Model Technology ModelSim SE-64 vmap 10.6d Lib Mapping Utility 2018.02 Feb 24 2018
# vmap xil_defaultlib modelsim_lib/msim/xil_defaultlib 
# Modifying D:\program\Xilinx\Xlib\modelsim.ini
# ** Warning: (vcom-159) Mode option -64 is not supported in this context and will be ignored.
# Model Technology ModelSim SE-64 vcom 10.6d Compiler 2018.02 Feb 24 2018
# Start time: 12:57:08 on Aug 24,2020
# vcom -64 -93 -work xbip_utils_v3_0_9 ../../../../karatsuba_mult.ip_user_files/ipstatic/hdl/xbip_utils_v3_0_vh_rfs.vhd 
# -- Loading package STANDARD
# End time: 12:57:08 on Aug 24,2020, Elapsed time: 0:00:00
# Errors: 0, Warnings: 1
# ** Warning: (vcom-159) Mode option -64 is not supported in this context and will be ignored.
# Model Technology ModelSim SE-64 vcom 10.6d Compiler 2018.02 Feb 24 2018
# Start time: 12:57:08 on Aug 24,2020
# vcom -64 -93 -work xbip_pipe_v3_0_5 ../../../../karatsuba_mult.ip_user_files/ipstatic/hdl/xbip_pipe_v3_0_vh_rfs.vhd 
# -- Loading package STANDARD
# End time: 12:57:08 on Aug 24,2020, Elapsed time: 0:00:00
# Errors: 0, Warnings: 1
# ** Warning: (vcom-159) Mode option -64 is not supported in this context and will be ignored.
# Model Technology ModelSim SE-64 vcom 10.6d Compiler 2018.02 Feb 24 2018
# Start time: 12:57:09 on Aug 24,2020
# vcom -64 -93 -work xbip_bram18k_v3_0_5 ../../../../karatsuba_mult.ip_user_files/ipstatic/hdl/xbip_bram18k_v3_0_vh_rfs.vhd 
# -- Loading package STANDARD
# End time: 12:57:09 on Aug 24,2020, Elapsed time: 0:00:00
# Errors: 0, Warnings: 1
# ** Warning: (vcom-159) Mode option -64 is not supported in this context and will be ignored.
# Model Technology ModelSim SE-64 vcom 10.6d Compiler 2018.02 Feb 24 2018
# Start time: 12:57:09 on Aug 24,2020
# vcom -64 -93 -work mult_gen_v12_0_14 ../../../../karatsuba_mult.ip_user_files/ipstatic/hdl/mult_gen_v12_0_vh_rfs.vhd 
# -- Loading package STANDARD
# End time: 12:57:11 on Aug 24,2020, Elapsed time: 0:00:02
# Errors: 0, Warnings: 1
# ** Warning: (vcom-159) Mode option -64 is not supported in this context and will be ignored.
# Model Technology ModelSim SE-64 vcom 10.6d Compiler 2018.02 Feb 24 2018
# Start time: 12:57:11 on Aug 24,2020
# vcom -64 -93 -work xil_defaultlib ../../../../karatsuba_mult.srcs/sources_1/ip/mult_signed_18bit/sim/mult_signed_18bit.vhd 
# -- Loading package STANDARD
# -- Loading package TEXTIO
# -- Loading package std_logic_1164
# -- Loading package NUMERIC_STD
# -- Compiling entity mult_signed_18bit
# -- Compiling architecture mult_signed_18bit_arch of mult_signed_18bit
# End time: 12:57:11 on Aug 24,2020, Elapsed time: 0:00:00
# Errors: 0, Warnings: 1
# ** Warning: (vlog-159) Mode option -64 is not supported in this context and will be ignored.
# Model Technology ModelSim SE-64 vlog 10.6d Compiler 2018.02 Feb 24 2018
# Start time: 12:57:11 on Aug 24,2020
# vlog -64 -incr -work xil_defaultlib ../../../../karatsuba_mult.srcs/sources_1/new/kara_mult_34bit.v ../../../../karatsuba_mult.srcs/sources_1/new/kara_mult_66bit.v ../../../../karatsuba_mult.srcs/sources_1/new/karatsuba_top.v ../../../../karatsuba_mult.srcs/sim_1/new/tb_kara_128bit.v 
# -- Skipping module kara_mult_34bit
# -- Skipping module kara_mult_66bit
# -- Skipping module karatsuba_top
# -- Compiling module tb_kara_128bit
# 
# Top level modules:
# 	tb_kara_128bit
# End time: 12:57:11 on Aug 24,2020, Elapsed time: 0:00:00
# Errors: 0, Warnings: 1
# Model Technology ModelSim SE-64 vlog 10.6d Compiler 2018.02 Feb 24 2018
# Start time: 12:57:11 on Aug 24,2020
# vlog -work xil_defaultlib glbl.v 
# -- Compiling module glbl
# 
# Top level modules:
# 	glbl
# End time: 12:57:11 on Aug 24,2020, Elapsed time: 0:00:00
# Errors: 0, Warnings: 0
run_program: Time (s): cpu = 00:00:00 ; elapsed = 00:00:05 . Memory (MB): peak = 819.102 ; gain = 0.000
INFO: [USF-ModelSim-69] 'compile' step finished in '5' seconds
INFO: [USF-ModelSim-4] ModelSim::Simulate design
INFO: [USF-ModelSim-69] Executing 'SIMULATE' step in 'D:/program/Vivado/Project/karatsuba_mult/karatsuba_mult/karatsuba_mult.sim/sim_1/behav/modelsim'
Program launched (PID=12096)
launch_simulation: Time (s): cpu = 00:00:00 ; elapsed = 00:00:06 . Memory (MB): peak = 819.102 ; gain = 0.000
exit
INFO: [Common 17-206] Exiting Vivado at Mon Aug 24 12:57:51 2020...
