Vivado Simulator 2018.3
Copyright 1986-1999, 2001-2018 Xilinx, Inc. All Rights Reserved.
Running: D:/Xilinx/Vivado/2018.3/bin/unwrapped/win64.o/xelab.exe -wto c5c5906b55dc4b51848ed2b9fd5b463c --incr --debug typical --relax --mt 2 -L xbip_utils_v3_0_9 -L xbip_pipe_v3_0_5 -L xbip_bram18k_v3_0_5 -L mult_gen_v12_0_14 -L xil_defaultlib -L unisims_ver -L unimacro_ver -L secureip -L xpm --snapshot tb_kara_128bit_behav xil_defaultlib.tb_kara_128bit xil_defaultlib.glbl -log elaborate.log 
Using 2 slave threads.
Starting static elaboration
Completed static elaboration
Starting simulation data flow analysis
Completed simulation data flow analysis
Time Resolution for simulation is 1ps
Compiling package std.standard
Compiling package std.textio
Compiling package ieee.std_logic_1164
Compiling package ieee.numeric_std
Compiling package mult_gen_v12_0_14.mult_gen_v12_0_14_viv_comp
Compiling package xbip_utils_v3_0_9.xbip_utils_v3_0_9_pkg
Compiling package mult_gen_v12_0_14.mult_gen_v12_0_14_pkg
Compiling package ieee.std_logic_arith
Compiling package ieee.std_logic_signed
Compiling package unisim.vcomponents
Compiling package mult_gen_v12_0_14.dsp_pkg
Compiling architecture xilinx of entity mult_gen_v12_0_14.delay_line [\delay_line(c_xdevicefamily="zyn...]
Compiling architecture xilinx of entity mult_gen_v12_0_14.op_resize [\op_resize(ai_width=18,bi_width=...]
Compiling architecture xilinx of entity mult_gen_v12_0_14.dsp [\dsp(c_xdevicefamily="zynq",c_a_...]
Compiling architecture xilinx of entity mult_gen_v12_0_14.mult_gen_v12_0_14_viv [\mult_gen_v12_0_14_viv(c_verbosi...]
Compiling architecture xilinx of entity mult_gen_v12_0_14.mult_gen_v12_0_14 [\mult_gen_v12_0_14(c_xdevicefami...]
Compiling architecture mult_signed_18bit_arch of entity xil_defaultlib.mult_signed_18bit [mult_signed_18bit_default]
Compiling module xil_defaultlib.kara_mult_34bit_default
Compiling module xil_defaultlib.kara_mult_66bit_default
Compiling module xil_defaultlib.karatsuba_top_default
Compiling module xil_defaultlib.tb_kara_128bit
Compiling module xil_defaultlib.glbl
Built simulation snapshot tb_kara_128bit_behav
